2023-11-19 16:30:41,508 - INFO - Connected to mySQL Engine
2023-11-19 16:31:00,032 - INFO - Connected to mySQL Engine
2023-11-19 16:31:35,081 - INFO - Scraped https://m.signalvnoise.com/2021/02/ successfully
2023-11-19 16:31:36,106 - INFO - Scraped https://m.signalvnoise.com/2021/01/ successfully
2023-11-19 16:31:37,612 - INFO - Scraped https://m.signalvnoise.com/2020/12/ successfully
2023-11-19 16:31:43,131 - INFO - Scraped https://m.signalvnoise.com/2020/10/ successfully
2023-11-19 16:31:44,077 - INFO - Scraped https://m.signalvnoise.com/2020/09/ successfully
2023-11-19 16:31:53,538 - INFO - Scraped https://m.signalvnoise.com/2020/08/ successfully
2023-11-19 16:31:55,343 - INFO - Scraped https://m.signalvnoise.com/2020/07/ successfully
2023-11-19 16:33:37,048 - INFO - Connected to mySQL Engine
2023-11-19 16:34:27,989 - INFO - Connected to mySQL Engine
2023-11-19 16:36:13,967 - INFO - Connected to mySQL Engine
2023-11-19 16:36:53,641 - INFO - Connected to mySQL Engine
2023-11-19 16:37:34,590 - INFO - Connected to mySQL Engine
2023-11-19 16:39:10,529 - INFO - Scraped https://m.signalvnoise.com/2021/02/ successfully
2023-11-19 16:39:32,038 - INFO - Scraped https://m.signalvnoise.com/2021/01/ successfully
2023-11-19 16:39:36,970 - INFO - Scraped https://m.signalvnoise.com/2020/12/ successfully
2023-11-19 16:39:39,063 - INFO - Scraped https://m.signalvnoise.com/2020/10/ successfully
2023-11-19 16:39:42,091 - INFO - Scraped https://m.signalvnoise.com/2020/09/ successfully
2023-11-19 16:39:46,766 - INFO - Scraped https://m.signalvnoise.com/2020/08/ successfully
2023-11-19 16:39:48,828 - INFO - Scraped https://m.signalvnoise.com/2020/07/ successfully
2023-11-19 16:39:56,848 - INFO - Scraped https://m.signalvnoise.com/2020/06/ successfully
2023-11-19 16:40:08,267 - INFO - Scraped https://m.signalvnoise.com/2020/05/ successfully
2023-11-19 16:40:09,942 - INFO - Scraped https://m.signalvnoise.com/2020/04/ successfully
2023-11-19 16:40:11,399 - INFO - Scraped https://m.signalvnoise.com/2020/03/ successfully
2023-11-19 16:40:13,695 - INFO - Scraped https://m.signalvnoise.com/2020/02/ successfully
2023-11-19 16:40:15,667 - INFO - Scraped https://m.signalvnoise.com/2020/01/ successfully
2023-11-19 16:40:18,913 - INFO - Scraped https://m.signalvnoise.com/2019/12/ successfully
2023-11-19 16:40:26,760 - INFO - Scraped https://m.signalvnoise.com/2019/11/ successfully
2023-11-19 16:40:29,063 - INFO - Scraped https://m.signalvnoise.com/2019/10/ successfully
2023-11-19 16:40:30,946 - INFO - Scraped https://m.signalvnoise.com/2019/09/ successfully
2023-11-19 16:40:33,408 - INFO - Scraped https://m.signalvnoise.com/2019/08/ successfully
2023-11-19 16:40:39,470 - INFO - Scraped https://m.signalvnoise.com/2019/07/ successfully
2023-11-19 16:40:41,450 - INFO - Scraped https://m.signalvnoise.com/2019/06/ successfully
2023-11-19 16:40:44,170 - INFO - Scraped https://m.signalvnoise.com/2019/05/ successfully
2023-11-19 16:40:50,639 - INFO - Scraped https://m.signalvnoise.com/2019/04/ successfully
2023-11-19 16:40:52,008 - INFO - Scraped https://m.signalvnoise.com/2019/03/ successfully
2023-11-19 16:40:54,071 - INFO - Scraped https://m.signalvnoise.com/2019/02/ successfully
2023-11-19 16:41:15,129 - INFO - Scraped https://m.signalvnoise.com/2019/01/ successfully
2023-11-19 16:41:16,703 - INFO - Scraped https://m.signalvnoise.com/2018/12/ successfully
2023-11-19 16:41:21,872 - INFO - Scraped https://m.signalvnoise.com/2018/11/ successfully
2023-11-19 16:41:23,653 - INFO - Scraped https://m.signalvnoise.com/2018/10/ successfully
2023-11-19 16:41:25,687 - INFO - Scraped https://m.signalvnoise.com/2018/09/ successfully
2023-11-19 16:41:26,996 - INFO - Scraped https://m.signalvnoise.com/2018/08/ successfully
2023-11-19 16:41:30,687 - INFO - Scraped https://m.signalvnoise.com/2018/07/ successfully
2023-11-19 16:41:34,853 - INFO - Scraped https://m.signalvnoise.com/2018/06/ successfully
2023-11-19 16:41:37,710 - INFO - Scraped https://m.signalvnoise.com/2018/05/ successfully
2023-11-19 16:41:46,611 - INFO - Scraped https://m.signalvnoise.com/2018/04/ successfully
2023-11-19 16:41:55,021 - INFO - Scraped https://m.signalvnoise.com/2018/03/ successfully
2023-11-19 16:42:06,128 - INFO - Scraped https://m.signalvnoise.com/2018/02/ successfully
2023-11-19 16:42:22,638 - INFO - Scraped https://m.signalvnoise.com/2018/01/ successfully
2023-11-19 16:42:39,707 - INFO - Scraped https://m.signalvnoise.com/2017/12/ successfully
2023-11-19 16:42:46,613 - INFO - Scraped https://m.signalvnoise.com/2017/11/ successfully
2023-11-19 16:42:55,762 - INFO - Scraped https://m.signalvnoise.com/2017/10/ successfully
2023-11-19 16:44:30,555 - INFO - Scraped https://m.signalvnoise.com/2017/09/ successfully
2023-11-19 16:44:42,050 - INFO - Scraped https://m.signalvnoise.com/2017/08/ successfully
2023-11-19 16:44:48,809 - INFO - Scraped https://m.signalvnoise.com/2017/07/ successfully
2023-11-19 16:44:56,594 - INFO - Scraped https://m.signalvnoise.com/2017/06/ successfully
2023-11-19 16:45:48,444 - INFO - Scraped https://m.signalvnoise.com/2017/05/ successfully
2023-11-19 16:46:19,515 - INFO - Scraped https://m.signalvnoise.com/2017/04/ successfully
2023-11-19 16:47:39,706 - INFO - Scraped https://m.signalvnoise.com/2017/03/ successfully
2023-11-19 16:47:44,592 - INFO - Scraped https://m.signalvnoise.com/2017/02/ successfully
2023-11-19 16:47:58,540 - INFO - Scraped https://m.signalvnoise.com/2017/01/ successfully
2023-11-19 17:52:27,511 - INFO - Connected to mySQL Engine
2023-11-19 17:53:15,636 - INFO - Connected to mySQL Engine
2023-11-19 17:54:40,205 - INFO - Scraped https://m.signalvnoise.com/2021/02/ successfully
2023-11-19 17:54:41,226 - INFO - Scraped https://m.signalvnoise.com/2021/01/ successfully
2023-11-19 17:54:42,042 - INFO - Scraped https://m.signalvnoise.com/2020/12/ successfully
2023-11-19 17:54:45,487 - INFO - Scraped https://m.signalvnoise.com/2020/10/ successfully
2023-11-19 17:54:47,085 - INFO - Scraped https://m.signalvnoise.com/2020/09/ successfully
2023-11-19 17:54:48,808 - INFO - Scraped https://m.signalvnoise.com/2020/08/ successfully
2023-11-19 17:54:49,755 - INFO - Scraped https://m.signalvnoise.com/2020/07/ successfully
2023-11-19 17:54:50,536 - INFO - Scraped https://m.signalvnoise.com/2020/06/ successfully
2023-11-19 17:54:55,098 - INFO - Scraped https://m.signalvnoise.com/2020/05/ successfully
2023-11-19 17:54:58,638 - INFO - Scraped https://m.signalvnoise.com/2020/04/ successfully
2023-11-19 17:55:00,102 - INFO - Scraped https://m.signalvnoise.com/2020/03/ successfully
2023-11-19 17:55:01,234 - INFO - Scraped https://m.signalvnoise.com/2020/02/ successfully
2023-11-19 17:55:02,736 - INFO - Scraped https://m.signalvnoise.com/2020/01/ successfully
2023-11-19 17:55:03,770 - INFO - Scraped https://m.signalvnoise.com/2019/12/ successfully
2023-11-19 17:55:06,940 - INFO - Scraped https://m.signalvnoise.com/2019/11/ successfully
2023-11-19 17:55:07,872 - INFO - Scraped https://m.signalvnoise.com/2019/10/ successfully
2023-11-19 17:55:09,274 - INFO - Scraped https://m.signalvnoise.com/2019/09/ successfully
2023-11-19 17:55:12,023 - INFO - Scraped https://m.signalvnoise.com/2019/08/ successfully
2023-11-19 17:55:22,343 - INFO - Scraped https://m.signalvnoise.com/2019/07/ successfully
2023-11-19 17:55:25,651 - INFO - Scraped https://m.signalvnoise.com/2019/06/ successfully
2023-11-19 17:55:27,323 - INFO - Scraped https://m.signalvnoise.com/2019/05/ successfully
2023-11-19 17:55:30,766 - INFO - Scraped https://m.signalvnoise.com/2019/04/ successfully
2023-11-19 17:55:33,038 - INFO - Scraped https://m.signalvnoise.com/2019/03/ successfully
2023-11-19 17:55:36,213 - INFO - Scraped https://m.signalvnoise.com/2019/02/ successfully
2023-11-19 17:55:44,061 - INFO - Scraped https://m.signalvnoise.com/2019/01/ successfully
2023-11-19 17:55:46,519 - INFO - Scraped https://m.signalvnoise.com/2018/12/ successfully
2023-11-19 17:55:48,447 - INFO - Scraped https://m.signalvnoise.com/2018/11/ successfully
2023-11-19 17:55:56,366 - INFO - Scraped https://m.signalvnoise.com/2018/10/ successfully
2023-11-19 17:55:58,592 - INFO - Scraped https://m.signalvnoise.com/2018/09/ successfully
2023-11-19 17:56:00,040 - INFO - Scraped https://m.signalvnoise.com/2018/08/ successfully
2023-11-19 17:56:05,838 - INFO - Scraped https://m.signalvnoise.com/2018/07/ successfully
2023-11-19 17:56:09,536 - INFO - Scraped https://m.signalvnoise.com/2018/06/ successfully
2023-11-19 17:56:13,908 - INFO - Scraped https://m.signalvnoise.com/2018/05/ successfully
2023-11-19 17:56:15,948 - INFO - Scraped https://m.signalvnoise.com/2018/04/ successfully
2023-11-19 17:56:17,137 - INFO - Scraped https://m.signalvnoise.com/2018/03/ successfully
2023-11-19 17:57:43,917 - INFO - Scraped https://m.signalvnoise.com/2018/02/ successfully
2023-11-19 17:57:49,489 - INFO - Scraped https://m.signalvnoise.com/2018/01/ successfully
2023-11-19 17:57:55,113 - INFO - Scraped https://m.signalvnoise.com/2017/12/ successfully
2023-11-19 17:57:59,028 - INFO - Scraped https://m.signalvnoise.com/2017/11/ successfully
2023-11-19 17:58:01,103 - INFO - Scraped https://m.signalvnoise.com/2017/10/ successfully
2023-11-19 17:58:07,797 - INFO - Scraped https://m.signalvnoise.com/2017/09/ successfully
2023-11-19 17:58:13,156 - INFO - Scraped https://m.signalvnoise.com/2017/08/ successfully
2023-11-19 17:58:21,133 - INFO - Scraped https://m.signalvnoise.com/2017/07/ successfully
2023-11-19 17:58:24,828 - INFO - Scraped https://m.signalvnoise.com/2017/06/ successfully
2023-11-19 17:58:51,824 - INFO - Scraped https://m.signalvnoise.com/2017/05/ successfully
2023-11-19 17:58:59,478 - INFO - Scraped https://m.signalvnoise.com/2017/04/ successfully
2023-11-19 17:59:23,039 - INFO - Scraped https://m.signalvnoise.com/2017/03/ successfully
2023-11-19 17:59:31,868 - INFO - Scraped https://m.signalvnoise.com/2017/02/ successfully
2023-11-19 17:59:42,956 - INFO - Scraped https://m.signalvnoise.com/2017/01/ successfully
2023-11-19 17:59:50,731 - INFO - Scraped https://m.signalvnoise.com/2016/12/ successfully
2023-11-19 17:59:53,862 - INFO - Scraped https://m.signalvnoise.com/2016/11/ successfully
2023-11-19 18:00:00,584 - INFO - Scraped https://m.signalvnoise.com/2016/10/ successfully
2023-11-19 18:00:05,090 - INFO - Scraped https://m.signalvnoise.com/2016/09/ successfully
2023-11-19 18:00:10,112 - INFO - Scraped https://m.signalvnoise.com/2016/08/ successfully
2023-11-19 18:00:19,368 - INFO - Scraped https://m.signalvnoise.com/2016/07/ successfully
2023-11-19 18:00:25,904 - INFO - Scraped https://m.signalvnoise.com/2016/06/ successfully
2023-11-19 18:00:35,009 - INFO - Scraped https://m.signalvnoise.com/2016/05/ successfully
2023-11-19 18:00:40,237 - INFO - Scraped https://m.signalvnoise.com/2016/04/ successfully
2023-11-19 18:00:44,821 - INFO - Scraped https://m.signalvnoise.com/2016/03/ successfully
2023-11-19 18:00:54,856 - INFO - Scraped https://m.signalvnoise.com/2016/02/ successfully
2023-11-19 18:00:59,546 - INFO - Scraped https://m.signalvnoise.com/2016/01/ successfully
2023-11-19 18:01:11,026 - INFO - Scraped https://m.signalvnoise.com/2015/12/ successfully
2023-11-19 18:01:12,829 - INFO - Scraped https://m.signalvnoise.com/2015/11/ successfully
2023-11-19 18:01:14,257 - INFO - Scraped https://m.signalvnoise.com/2015/10/ successfully
2023-11-19 18:01:41,436 - INFO - Scraped https://m.signalvnoise.com/2015/09/ successfully
2023-11-19 18:01:43,321 - INFO - Scraped https://m.signalvnoise.com/2014/06/ successfully
2023-11-19 18:01:44,844 - INFO - Scraped https://m.signalvnoise.com/2013/11/ successfully
2023-11-19 18:01:47,838 - INFO - Posts loaded to Sqlite
2023-11-19 18:01:48,978 - INFO - Connected to mySQL Engine
2023-11-19 18:08:31,819 - INFO - Posts loaded to Sqlite
2023-11-19 18:08:32,915 - INFO - Connected to mySQL Engine
2023-11-19 18:08:45,678 - INFO - Write dataframe to database using pandas to_sql
2023-11-19 18:11:15,436 - INFO - Posts loaded to Sqlite
2023-11-19 18:11:19,284 - INFO - Connected to mySQL Engine
2023-11-19 18:11:41,065 - INFO - authors_table with a defined datatype and constraint created successfully
2023-11-19 18:11:42,220 - INFO - posts_info with a defined datatype and constraint created successfully
2023-11-19 18:11:42,442 - INFO - Inserting Records into posts_info table
2023-11-19 18:25:57,717 - INFO - 883 Records successfully Inserted into posts_info table
2023-11-19 18:25:57,939 - INFO - Inserting Records into authors_table table
2023-11-19 18:26:48,684 - INFO - 58 Records successfully Inserted into authors_table table
2023-11-19 18:28:54,083 - INFO - Scraped https://m.signalvnoise.com/2021/02/ successfully
2023-11-19 18:28:59,894 - INFO - Scraped https://m.signalvnoise.com/2021/01/ successfully
2023-11-19 18:29:01,345 - INFO - Scraped https://m.signalvnoise.com/2020/12/ successfully
2023-11-19 18:29:16,651 - INFO - Scraped https://m.signalvnoise.com/2020/10/ successfully
2023-11-19 18:29:17,398 - INFO - Scraped https://m.signalvnoise.com/2020/09/ successfully
2023-11-19 18:29:19,356 - INFO - Scraped https://m.signalvnoise.com/2020/08/ successfully
2023-11-19 18:29:21,463 - INFO - Scraped https://m.signalvnoise.com/2020/07/ successfully
2023-11-19 18:29:26,155 - INFO - Scraped https://m.signalvnoise.com/2020/06/ successfully
2023-11-19 18:29:26,877 - INFO - Scraped https://m.signalvnoise.com/2020/05/ successfully
2023-11-19 18:29:27,945 - INFO - Scraped https://m.signalvnoise.com/2020/04/ successfully
2023-11-19 18:29:36,579 - INFO - Scraped https://m.signalvnoise.com/2020/03/ successfully
2023-11-19 18:29:37,908 - INFO - Scraped https://m.signalvnoise.com/2020/02/ successfully
2023-11-19 18:29:42,132 - INFO - Scraped https://m.signalvnoise.com/2020/01/ successfully
2023-11-19 18:29:49,800 - INFO - Scraped https://m.signalvnoise.com/2019/12/ successfully
2023-11-19 18:29:53,079 - INFO - Scraped https://m.signalvnoise.com/2019/11/ successfully
2023-11-19 18:29:54,236 - INFO - Scraped https://m.signalvnoise.com/2019/10/ successfully
2023-11-19 18:29:56,521 - INFO - Scraped https://m.signalvnoise.com/2019/09/ successfully
2023-11-19 18:29:57,297 - INFO - Scraped https://m.signalvnoise.com/2019/08/ successfully
2023-11-19 18:30:01,332 - INFO - Scraped https://m.signalvnoise.com/2019/07/ successfully
2023-11-19 18:30:02,627 - INFO - Scraped https://m.signalvnoise.com/2019/06/ successfully
2023-11-19 18:30:04,283 - INFO - Scraped https://m.signalvnoise.com/2019/05/ successfully
2023-11-19 18:30:07,379 - INFO - Scraped https://m.signalvnoise.com/2019/04/ successfully
2023-11-19 18:30:08,357 - INFO - Scraped https://m.signalvnoise.com/2019/03/ successfully
2023-11-19 18:30:09,150 - INFO - Scraped https://m.signalvnoise.com/2019/02/ successfully
2023-11-19 18:30:13,437 - INFO - Scraped https://m.signalvnoise.com/2019/01/ successfully
2023-11-19 18:30:14,336 - INFO - Scraped https://m.signalvnoise.com/2018/12/ successfully
2023-11-19 18:30:20,959 - INFO - Scraped https://m.signalvnoise.com/2018/11/ successfully
2023-11-19 18:30:22,086 - INFO - Scraped https://m.signalvnoise.com/2018/10/ successfully
2023-11-19 18:30:24,667 - INFO - Scraped https://m.signalvnoise.com/2018/09/ successfully
2023-11-19 18:30:28,025 - INFO - Scraped https://m.signalvnoise.com/2018/08/ successfully
2023-11-19 18:30:31,049 - INFO - Scraped https://m.signalvnoise.com/2018/07/ successfully
2023-11-19 18:30:36,346 - INFO - Scraped https://m.signalvnoise.com/2018/06/ successfully
2023-11-19 18:30:45,067 - INFO - Scraped https://m.signalvnoise.com/2018/05/ successfully
2023-11-19 18:30:46,394 - INFO - Scraped https://m.signalvnoise.com/2018/04/ successfully
2023-11-19 18:30:52,115 - INFO - Scraped https://m.signalvnoise.com/2018/03/ successfully
2023-11-19 18:30:57,599 - INFO - Scraped https://m.signalvnoise.com/2018/02/ successfully
2023-11-19 18:31:07,476 - INFO - Scraped https://m.signalvnoise.com/2018/01/ successfully
2023-11-19 18:31:29,685 - INFO - Scraped https://m.signalvnoise.com/2017/12/ successfully
2023-11-19 18:31:36,430 - INFO - Scraped https://m.signalvnoise.com/2017/11/ successfully
2023-11-19 18:31:44,170 - INFO - Scraped https://m.signalvnoise.com/2017/10/ successfully
2023-11-19 18:32:16,646 - INFO - Scraped https://m.signalvnoise.com/2017/09/ successfully
2023-11-19 18:32:19,947 - INFO - Scraped https://m.signalvnoise.com/2017/08/ successfully
2023-11-19 18:32:25,630 - INFO - Scraped https://m.signalvnoise.com/2017/07/ successfully
2023-11-19 18:32:28,788 - INFO - Scraped https://m.signalvnoise.com/2017/06/ successfully
2023-11-19 18:32:41,163 - INFO - Scraped https://m.signalvnoise.com/2017/05/ successfully
2023-11-19 18:32:44,231 - INFO - Scraped https://m.signalvnoise.com/2017/04/ successfully
2023-11-19 18:32:50,595 - INFO - Scraped https://m.signalvnoise.com/2017/03/ successfully
2023-11-19 18:33:00,690 - INFO - Scraped https://m.signalvnoise.com/2017/02/ successfully
2023-11-19 18:33:05,193 - INFO - Scraped https://m.signalvnoise.com/2017/01/ successfully
2023-11-19 18:33:41,508 - INFO - Scraped https://m.signalvnoise.com/2016/12/ successfully
2023-11-19 18:33:46,217 - INFO - Scraped https://m.signalvnoise.com/2016/11/ successfully
2023-11-19 18:34:04,017 - INFO - Scraped https://m.signalvnoise.com/2016/10/ successfully
2023-11-19 18:34:09,197 - INFO - Scraped https://m.signalvnoise.com/2016/09/ successfully
2023-11-19 18:34:23,686 - INFO - Scraped https://m.signalvnoise.com/2016/08/ successfully
2023-11-19 18:34:27,701 - INFO - Scraped https://m.signalvnoise.com/2016/07/ successfully
2023-11-19 18:35:34,173 - INFO - Scraped https://m.signalvnoise.com/2016/06/ successfully
2023-11-19 20:12:02,432 - INFO - Posts loaded to Sqlite
2023-11-19 20:12:04,213 - INFO - Connected to mySQL Engine
2023-11-19 20:13:06,456 - INFO - Posts loaded to Sqlite
2023-11-19 20:13:07,637 - INFO - Connected to mySQL Engine
2023-11-19 20:13:31,783 - INFO - authors_table with a defined datatype and constraint created successfully
2023-11-19 20:13:32,491 - INFO - posts_info with a defined datatype and constraint created successfully
2023-11-19 20:13:32,711 - INFO - Inserting Records into posts_info table
2023-11-19 20:26:01,557 - INFO - 883 Records successfully Inserted into posts_info table
2023-11-19 20:26:01,783 - INFO - Inserting Records into authors_table table
2023-11-19 20:26:49,285 - INFO - 58 Records successfully Inserted into authors_table table
2023-11-19 21:08:04,781 - INFO - Posts loaded to Sqlite
2023-11-19 21:08:06,607 - INFO - Connected to mySQL Engine
2023-11-19 21:08:31,444 - INFO - authors_table with a defined datatype and constraint created successfully
2023-11-19 21:08:32,176 - INFO - posts_info with a defined datatype and constraint created successfully
2023-11-19 21:08:32,404 - INFO - Inserting Records into posts_info table
2023-11-19 21:21:25,215 - INFO - 883 Records successfully Inserted into posts_info table
2023-11-19 21:21:25,876 - INFO - Inserting Records into authors_table table
2023-11-19 21:22:13,755 - INFO - 58 Records successfully Inserted into authors_table table
2023-11-19 21:56:20,483 - INFO - Posts loaded to Sqlite
2023-11-19 21:56:22,353 - INFO - Connected to mySQL Engine
2023-11-19 21:58:35,839 - INFO - Scraped https://m.signalvnoise.com/2021/02/ successfully
2023-11-19 21:58:39,563 - INFO - Scraped https://m.signalvnoise.com/2021/01/ successfully
2023-11-19 21:58:55,603 - INFO - Scraped https://m.signalvnoise.com/2020/12/ successfully
2023-11-19 21:58:57,266 - INFO - Scraped https://m.signalvnoise.com/2020/10/ successfully
2023-11-19 21:59:01,210 - INFO - Scraped https://m.signalvnoise.com/2020/09/ successfully
2023-11-19 21:59:09,896 - INFO - Scraped https://m.signalvnoise.com/2020/08/ successfully
2023-11-19 21:59:13,188 - INFO - Scraped https://m.signalvnoise.com/2020/07/ successfully
2023-11-19 21:59:15,188 - INFO - Scraped https://m.signalvnoise.com/2020/06/ successfully
2023-11-19 21:59:19,764 - INFO - Scraped https://m.signalvnoise.com/2020/05/ successfully
2023-11-19 21:59:21,301 - INFO - Scraped https://m.signalvnoise.com/2020/04/ successfully
2023-11-19 21:59:25,026 - INFO - Scraped https://m.signalvnoise.com/2020/03/ successfully
2023-11-19 21:59:28,567 - INFO - Scraped https://m.signalvnoise.com/2020/02/ successfully
2023-11-19 21:59:32,313 - INFO - Scraped https://m.signalvnoise.com/2020/01/ successfully
2023-11-19 21:59:33,316 - INFO - Scraped https://m.signalvnoise.com/2019/12/ successfully
2023-11-19 21:59:35,948 - INFO - Scraped https://m.signalvnoise.com/2019/11/ successfully
2023-11-19 21:59:40,456 - INFO - Scraped https://m.signalvnoise.com/2019/10/ successfully
2023-11-19 21:59:42,149 - INFO - Scraped https://m.signalvnoise.com/2019/09/ successfully
2023-11-19 21:59:44,726 - INFO - Scraped https://m.signalvnoise.com/2019/08/ successfully
2023-11-19 21:59:48,899 - INFO - Scraped https://m.signalvnoise.com/2019/07/ successfully
2023-11-19 21:59:54,784 - INFO - Scraped https://m.signalvnoise.com/2019/06/ successfully
2023-11-19 22:00:16,994 - INFO - Scraped https://m.signalvnoise.com/2019/05/ successfully
2023-11-19 22:00:37,367 - INFO - Scraped https://m.signalvnoise.com/2019/04/ successfully
2023-11-19 22:00:40,729 - INFO - Scraped https://m.signalvnoise.com/2019/03/ successfully
2023-11-19 22:00:41,849 - INFO - Scraped https://m.signalvnoise.com/2019/02/ successfully
2023-11-19 22:00:52,769 - INFO - Scraped https://m.signalvnoise.com/2019/01/ successfully
2023-11-19 22:00:55,184 - INFO - Scraped https://m.signalvnoise.com/2018/12/ successfully
2023-11-19 22:01:01,320 - INFO - Scraped https://m.signalvnoise.com/2018/11/ successfully
2023-11-19 22:01:02,888 - INFO - Scraped https://m.signalvnoise.com/2018/10/ successfully
2023-11-19 22:01:05,080 - INFO - Scraped https://m.signalvnoise.com/2018/09/ successfully
2023-11-19 22:01:06,727 - INFO - Scraped https://m.signalvnoise.com/2018/08/ successfully
2023-11-19 22:01:10,178 - INFO - Scraped https://m.signalvnoise.com/2018/07/ successfully
2023-11-19 22:01:11,226 - INFO - Scraped https://m.signalvnoise.com/2018/06/ successfully
2023-11-19 22:01:12,572 - INFO - Scraped https://m.signalvnoise.com/2018/05/ successfully
2023-11-19 22:01:26,964 - INFO - Scraped https://m.signalvnoise.com/2018/04/ successfully
2023-11-19 22:01:29,157 - INFO - Scraped https://m.signalvnoise.com/2018/03/ successfully
2023-11-19 22:01:34,808 - INFO - Scraped https://m.signalvnoise.com/2018/02/ successfully
