2024-01-14 09:31:58,987 - INFO - Connected to mySQL Engine
2024-01-14 09:31:59,769 - INFO - dimDate with a defined datatype and constraint created successfully
2024-01-14 09:31:59,769 - INFO - Inserting Records into dimDate table
2024-01-14 14:35:18,436 - INFO - Connected to mySQL Engine
2024-01-14 14:35:19,259 - INFO - dimDate with a defined datatype and constraint created successfully
2024-01-14 14:35:19,260 - INFO - Inserting Records into dimDate table
2024-01-14 14:39:18,235 - INFO - Connected to mySQL Engine
2024-01-14 14:39:18,985 - INFO - dimDate with a defined datatype and constraint created successfully
2024-01-14 14:39:18,985 - INFO - Inserting Records into dimDate table
2024-01-14 14:53:24,505 - INFO - Connected to mySQL Engine
2024-01-14 14:53:25,261 - INFO - dimDate with a defined datatype and constraint created successfully
2024-01-14 14:53:25,261 - INFO - Inserting Records into dimDate table
2024-01-14 15:01:35,585 - INFO - Connected to mySQL Engine
2024-01-14 15:01:36,311 - INFO - dimServiceStatus with a defined datatype and constraint created successfully
2024-01-14 15:01:36,312 - INFO - Inserting Records into dimServiceStatus table
2024-01-14 15:01:39,561 - INFO - 14 Records successfully Inserted into dimServiceStatus table
2024-01-14 15:01:40,313 - INFO - dimServiceType with a defined datatype and constraint created successfully
2024-01-14 15:01:40,313 - INFO - Inserting Records into dimServiceType table
2024-01-14 15:02:02,952 - INFO - 94 Records successfully Inserted into dimServiceType table
2024-01-14 16:01:15,503 - INFO - Connected to mySQL Engine
2024-01-14 16:01:16,297 - INFO - dimServiceStatus with a defined datatype and constraint created successfully
2024-01-14 16:01:16,297 - INFO - Inserting Records into dimServiceStatus table
2024-01-14 16:04:09,685 - INFO - Connected to mySQL Engine
2024-01-14 16:04:10,465 - INFO - dimServiceStatus with a defined datatype and constraint created successfully
2024-01-14 16:04:10,466 - INFO - Inserting Records into dimServiceStatus table
2024-01-14 16:06:14,456 - INFO - Connected to mySQL Engine
2024-01-14 16:06:15,262 - INFO - dimServiceStatus with a defined datatype and constraint created successfully
2024-01-14 16:06:15,263 - INFO - Inserting Records into dimServiceStatus table
2024-01-14 16:12:58,070 - INFO - Connected to mySQL Engine
2024-01-14 16:12:58,824 - INFO - dimServiceStatus with a defined datatype and constraint created successfully
2024-01-14 16:12:58,824 - INFO - Inserting Records into dimServiceStatus table
2024-01-14 19:12:51,872 - INFO - Connected to mySQL Engine
2024-01-14 19:12:52,656 - INFO - dimServiceStatus with a defined datatype and constraint created successfully
2024-01-14 19:12:52,656 - INFO - Inserting Records into dimServiceStatus table
2024-01-14 19:16:00,839 - INFO - Connected to mySQL Engine
2024-01-14 19:16:01,605 - INFO - dimServiceStatus with a defined datatype and constraint created successfully
2024-01-14 19:16:01,606 - INFO - Inserting Records into dimServiceStatus table
2024-01-14 19:16:01,846 - INFO - 14 Records successfully Inserted into dimServiceStatus table
2024-01-14 19:16:02,621 - INFO - dimServiceType with a defined datatype and constraint created successfully
2024-01-14 19:16:02,622 - INFO - Inserting Records into dimServiceType table
2024-01-14 19:16:02,863 - INFO - 94 Records successfully Inserted into dimServiceType table
2024-01-14 19:21:15,825 - INFO - Connected to mySQL Engine
2024-01-14 19:21:16,573 - INFO - dimDate with a defined datatype and constraint created successfully
2024-01-14 19:21:16,573 - INFO - Inserting Records into dimDate table
2024-01-14 19:21:19,552 - INFO - 35113 Records successfully Inserted into dimDate table
2024-01-14 19:21:20,302 - INFO - dimLocation with a defined datatype and constraint created successfully
2024-01-14 19:21:20,302 - INFO - Inserting Records into dimLocation table
2024-01-14 19:21:21,929 - INFO - 19898 Records successfully Inserted into dimLocation table
2024-01-14 19:21:22,685 - INFO - dimServiceStatus with a defined datatype and constraint created successfully
2024-01-14 19:21:22,686 - INFO - Inserting Records into dimServiceStatus table
2024-01-14 19:21:22,920 - INFO - 14 Records successfully Inserted into dimServiceStatus table
2024-01-14 19:21:23,659 - INFO - dimServiceType with a defined datatype and constraint created successfully
2024-01-14 19:21:23,660 - INFO - Inserting Records into dimServiceType table
2024-01-14 19:21:23,895 - INFO - 94 Records successfully Inserted into dimServiceType table
2024-01-14 19:21:24,620 - INFO - serviceFacts with a defined datatype and constraint created successfully
2024-01-14 19:21:24,621 - INFO - Inserting Records into serviceFacts table
2024-01-14 19:21:27,007 - INFO - 29775 Records successfully Inserted into serviceFacts table
2024-01-14 19:22:56,419 - INFO - Connected to mySQL Engine
2024-01-14 19:22:57,158 - INFO - dimDate with a defined datatype and constraint created successfully
2024-01-14 19:22:57,158 - INFO - Inserting Records into dimDate table
2024-01-14 19:23:00,123 - INFO - 35113 Records successfully Inserted into dimDate table
2024-01-14 19:23:01,410 - INFO - dimLocation with a defined datatype and constraint created successfully
2024-01-14 19:23:01,411 - INFO - Inserting Records into dimLocation table
2024-01-14 19:23:03,129 - INFO - 19898 Records successfully Inserted into dimLocation table
2024-01-14 19:23:03,873 - INFO - dimServiceStatus with a defined datatype and constraint created successfully
2024-01-14 19:23:03,874 - INFO - Inserting Records into dimServiceStatus table
2024-01-14 19:23:04,103 - INFO - 14 Records successfully Inserted into dimServiceStatus table
2024-01-14 19:23:04,832 - INFO - dimServiceType with a defined datatype and constraint created successfully
2024-01-14 19:23:04,833 - INFO - Inserting Records into dimServiceType table
2024-01-14 19:23:05,067 - INFO - 94 Records successfully Inserted into dimServiceType table
2024-01-14 19:23:05,793 - INFO - serviceFacts with a defined datatype and constraint created successfully
2024-01-14 19:23:05,794 - INFO - Inserting Records into serviceFacts table
2024-01-14 19:23:08,061 - INFO - 29775 Records successfully Inserted into serviceFacts table
2024-01-14 20:10:50,326 - INFO - Connected to mySQL Engine
2024-01-14 20:10:51,100 - INFO - dimDate with a defined datatype and constraint created successfully
2024-01-14 20:10:51,101 - INFO - Inserting Records into dimDate table
2024-01-14 20:10:54,074 - INFO - 35113 Records successfully Inserted into dimDate table
2024-01-14 20:10:54,850 - INFO - dimLocation with a defined datatype and constraint created successfully
2024-01-14 20:10:54,851 - INFO - Inserting Records into dimLocation table
2024-01-14 20:10:56,344 - INFO - 19898 Records successfully Inserted into dimLocation table
2024-01-14 20:10:57,091 - INFO - dimServiceStatus with a defined datatype and constraint created successfully
2024-01-14 20:10:57,091 - INFO - Inserting Records into dimServiceStatus table
2024-01-14 20:10:57,321 - INFO - 14 Records successfully Inserted into dimServiceStatus table
2024-01-14 20:10:58,047 - INFO - dimServiceType with a defined datatype and constraint created successfully
2024-01-14 20:10:58,047 - INFO - Inserting Records into dimServiceType table
2024-01-14 20:10:58,285 - INFO - 94 Records successfully Inserted into dimServiceType table
2024-01-14 20:10:59,020 - INFO - serviceFacts with a defined datatype and constraint created successfully
2024-01-14 20:10:59,020 - INFO - Inserting Records into serviceFacts table
2024-01-14 20:11:01,903 - INFO - 29775 Records successfully Inserted into serviceFacts table
2024-01-15 01:04:22,279 - INFO - Connected to mySQL Engine
2024-01-15 01:04:23,127 - INFO - dimDate with a defined datatype and constraint created successfully
2024-01-15 01:04:23,128 - INFO - Inserting Records into dimDate table
2024-01-15 01:04:26,358 - INFO - 35113 Records successfully Inserted into dimDate table
2024-01-15 01:04:27,210 - INFO - dimLocation with a defined datatype and constraint created successfully
2024-01-15 01:04:27,211 - INFO - Inserting Records into dimLocation table
2024-01-15 01:04:28,890 - INFO - 19898 Records successfully Inserted into dimLocation table
2024-01-15 01:04:29,693 - INFO - dimServiceStatus with a defined datatype and constraint created successfully
2024-01-15 01:04:29,694 - INFO - Inserting Records into dimServiceStatus table
2024-01-15 01:04:29,949 - INFO - 14 Records successfully Inserted into dimServiceStatus table
2024-01-15 01:04:30,738 - INFO - dimServiceType with a defined datatype and constraint created successfully
2024-01-15 01:04:30,738 - INFO - Inserting Records into dimServiceType table
2024-01-15 01:04:31,002 - INFO - 94 Records successfully Inserted into dimServiceType table
2024-01-15 01:04:31,816 - INFO - serviceFacts with a defined datatype and constraint created successfully
2024-01-15 01:04:31,816 - INFO - Inserting Records into serviceFacts table
2024-01-15 01:04:33,977 - INFO - 29775 Records successfully Inserted into serviceFacts table
2024-01-15 01:11:15,350 - INFO - Connected to mySQL Engine
2024-01-15 01:11:16,201 - INFO - dimDate with a defined datatype and constraint created successfully
2024-01-15 01:11:16,202 - INFO - Inserting Records into dimDate table
2024-01-15 01:11:19,290 - INFO - 35113 Records successfully Inserted into dimDate table
2024-01-15 01:11:20,115 - INFO - dimLocation with a defined datatype and constraint created successfully
2024-01-15 01:11:20,116 - INFO - Inserting Records into dimLocation table
2024-01-15 01:11:21,562 - INFO - 19898 Records successfully Inserted into dimLocation table
2024-01-15 01:11:22,324 - INFO - dimServiceStatus with a defined datatype and constraint created successfully
2024-01-15 01:11:22,325 - INFO - Inserting Records into dimServiceStatus table
2024-01-15 01:11:22,564 - INFO - 14 Records successfully Inserted into dimServiceStatus table
2024-01-15 01:11:23,324 - INFO - dimServiceType with a defined datatype and constraint created successfully
2024-01-15 01:11:23,324 - INFO - Inserting Records into dimServiceType table
2024-01-15 01:11:23,572 - INFO - 94 Records successfully Inserted into dimServiceType table
2024-01-15 01:11:24,324 - INFO - serviceFacts with a defined datatype and constraint created successfully
2024-01-15 01:11:24,324 - INFO - Inserting Records into serviceFacts table
2024-01-15 01:11:26,768 - INFO - 29775 Records successfully Inserted into serviceFacts table
2024-01-15 01:18:17,929 - INFO - Connected to mySQL Engine
2024-01-15 01:18:18,794 - INFO - dimDate with a defined datatype and constraint created successfully
2024-01-15 01:18:18,795 - INFO - Inserting Records into dimDate table
2024-01-15 01:18:22,676 - INFO - 35113 Records successfully Inserted into dimDate table
2024-01-15 01:18:23,547 - INFO - dimLocation with a defined datatype and constraint created successfully
2024-01-15 01:18:23,548 - INFO - Inserting Records into dimLocation table
2024-01-15 01:18:25,661 - INFO - 19898 Records successfully Inserted into dimLocation table
2024-01-15 01:18:26,466 - INFO - dimServiceStatus with a defined datatype and constraint created successfully
2024-01-15 01:18:26,466 - INFO - Inserting Records into dimServiceStatus table
2024-01-15 01:18:26,717 - INFO - 14 Records successfully Inserted into dimServiceStatus table
2024-01-15 01:18:27,534 - INFO - dimServiceType with a defined datatype and constraint created successfully
2024-01-15 01:18:27,534 - INFO - Inserting Records into dimServiceType table
2024-01-15 01:18:27,792 - INFO - 94 Records successfully Inserted into dimServiceType table
2024-01-15 01:18:28,596 - INFO - serviceFacts with a defined datatype and constraint created successfully
2024-01-15 01:18:28,596 - INFO - Inserting Records into serviceFacts table
2024-01-15 01:18:31,689 - INFO - 29775 Records successfully Inserted into serviceFacts table
2024-01-15 02:09:14,454 - INFO - Connected to mySQL Engine
2024-01-15 02:09:15,256 - INFO - dimDate with a defined datatype and constraint created successfully
2024-01-15 02:09:15,257 - INFO - Inserting Records into dimDate table
2024-01-15 02:09:18,459 - INFO - 35113 Records successfully Inserted into dimDate table
2024-01-15 02:09:19,780 - INFO - dimLocation with a defined datatype and constraint created successfully
2024-01-15 02:09:19,780 - INFO - Inserting Records into dimLocation table
2024-01-15 02:09:21,291 - INFO - 19898 Records successfully Inserted into dimLocation table
2024-01-15 02:09:22,085 - INFO - dimServiceStatus with a defined datatype and constraint created successfully
2024-01-15 02:09:22,085 - INFO - Inserting Records into dimServiceStatus table
2024-01-15 02:09:22,328 - INFO - 14 Records successfully Inserted into dimServiceStatus table
2024-01-15 02:09:23,100 - INFO - dimServiceType with a defined datatype and constraint created successfully
2024-01-15 02:09:23,100 - INFO - Inserting Records into dimServiceType table
2024-01-15 02:09:23,345 - INFO - 94 Records successfully Inserted into dimServiceType table
2024-01-15 02:09:24,107 - INFO - serviceFacts with a defined datatype and constraint created successfully
2024-01-15 02:09:24,108 - INFO - Inserting Records into serviceFacts table
2024-01-15 02:09:26,587 - INFO - 29775 Records successfully Inserted into serviceFacts table
